[0.090s] DEBUG:colcon:Command line arguments: ['/usr/bin/colcon', 'build']
[0.090s] DEBUG:colcon:Parsed command line arguments: Namespace(log_base=None, log_level=None, verb_name='build', build_base='build', install_base='install', merge_install=False, symlink_install=False, test_result_base=None, continue_on_error=False, executor='parallel', parallel_workers=12, event_handlers=None, ignore_user_meta=False, metas=['./colcon.meta'], base_paths=['.'], packages_ignore=None, packages_ignore_regex=None, paths=None, packages_up_to=None, packages_up_to_regex=None, packages_above=None, packages_above_and_dependencies=None, packages_above_depth=None, packages_select_by_dep=None, packages_skip_by_dep=None, packages_skip_up_to=None, packages_select_build_failed=False, packages_skip_build_finished=False, packages_select_test_failures=False, packages_skip_test_passed=False, packages_select=None, packages_skip=None, packages_select_regex=None, packages_skip_regex=None, packages_start=None, packages_end=None, allow_overriding=[], cmake_args=None, cmake_target=None, cmake_target_skip_unavailable=False, cmake_clean_cache=False, cmake_clean_first=False, cmake_force_configure=False, ament_cmake_args=None, catkin_cmake_args=None, catkin_skip_building_tests=False, mixin_files=None, mixin=None, verb_parser=<colcon_mixin.mixin.mixin_argument.MixinArgumentDecorator object at 0x72d25aa8b110>, verb_extension=<colcon_core.verb.build.BuildVerb object at 0x72d25b6ada30>, main=<bound method BuildVerb.main of <colcon_core.verb.build.BuildVerb object at 0x72d25b6ada30>>, mixin_verb=('build',))
[0.121s] Level 1:colcon.colcon_core.package_discovery:discover_packages(colcon_meta) check parameters
[0.121s] Level 1:colcon.colcon_core.package_discovery:discover_packages(recursive) check parameters
[0.121s] Level 1:colcon.colcon_core.package_discovery:discover_packages(ignore) check parameters
[0.121s] Level 1:colcon.colcon_core.package_discovery:discover_packages(path) check parameters
[0.121s] Level 1:colcon.colcon_core.package_discovery:discover_packages(colcon_meta) discover
[0.121s] Level 1:colcon.colcon_core.package_discovery:discover_packages(recursive) discover
[0.121s] INFO:colcon.colcon_core.package_discovery:Crawling recursively for packages in '/home/astrox/robot_model'
[0.121s] Level 1:colcon.colcon_core.package_identification:_identify(.) by extensions ['ignore', 'ignore_ament_install']
[0.121s] Level 1:colcon.colcon_core.package_identification:_identify(.) by extension 'ignore'
[0.121s] Level 1:colcon.colcon_core.package_identification:_identify(.) by extension 'ignore_ament_install'
[0.121s] Level 1:colcon.colcon_core.package_identification:_identify(.) by extensions ['colcon_pkg']
[0.121s] Level 1:colcon.colcon_core.package_identification:_identify(.) by extension 'colcon_pkg'
[0.121s] Level 1:colcon.colcon_core.package_identification:_identify(.) by extensions ['colcon_meta']
[0.121s] Level 1:colcon.colcon_core.package_identification:_identify(.) by extension 'colcon_meta'
[0.121s] Level 1:colcon.colcon_core.package_identification:_identify(.) by extensions ['ros']
[0.121s] Level 1:colcon.colcon_core.package_identification:_identify(.) by extension 'ros'
[0.141s] Level 1:colcon.colcon_core.package_identification:_identify(.) by extensions ['cmake', 'python']
[0.141s] Level 1:colcon.colcon_core.package_identification:_identify(.) by extension 'cmake'
[0.141s] Level 1:colcon.colcon_core.package_identification:_identify(.) by extension 'python'
[0.141s] Level 1:colcon.colcon_core.package_identification:_identify(.) by extensions ['python_setup_py']
[0.142s] Level 1:colcon.colcon_core.package_identification:_identify(.) by extension 'python_setup_py'
[0.142s] Level 1:colcon.colcon_core.package_identification:_identify(build) by extensions ['ignore', 'ignore_ament_install']
[0.142s] Level 1:colcon.colcon_core.package_identification:_identify(build) by extension 'ignore'
[0.142s] Level 1:colcon.colcon_core.package_identification:_identify(build) ignored
[0.142s] Level 1:colcon.colcon_core.package_identification:_identify(install) by extensions ['ignore', 'ignore_ament_install']
[0.142s] Level 1:colcon.colcon_core.package_identification:_identify(install) by extension 'ignore'
[0.142s] Level 1:colcon.colcon_core.package_identification:_identify(install) ignored
[0.142s] Level 1:colcon.colcon_core.package_identification:_identify(log) by extensions ['ignore', 'ignore_ament_install']
[0.142s] Level 1:colcon.colcon_core.package_identification:_identify(log) by extension 'ignore'
[0.142s] Level 1:colcon.colcon_core.package_identification:_identify(log) ignored
[0.142s] Level 1:colcon.colcon_core.package_identification:_identify(src) by extensions ['ignore', 'ignore_ament_install']
[0.142s] Level 1:colcon.colcon_core.package_identification:_identify(src) by extension 'ignore'
[0.142s] Level 1:colcon.colcon_core.package_identification:_identify(src) by extension 'ignore_ament_install'
[0.142s] Level 1:colcon.colcon_core.package_identification:_identify(src) by extensions ['colcon_pkg']
[0.142s] Level 1:colcon.colcon_core.package_identification:_identify(src) by extension 'colcon_pkg'
[0.142s] Level 1:colcon.colcon_core.package_identification:_identify(src) by extensions ['colcon_meta']
[0.142s] Level 1:colcon.colcon_core.package_identification:_identify(src) by extension 'colcon_meta'
[0.142s] Level 1:colcon.colcon_core.package_identification:_identify(src) by extensions ['ros']
[0.142s] Level 1:colcon.colcon_core.package_identification:_identify(src) by extension 'ros'
[0.143s] Level 1:colcon.colcon_core.package_identification:_identify(src) by extensions ['cmake', 'python']
[0.143s] Level 1:colcon.colcon_core.package_identification:_identify(src) by extension 'cmake'
[0.143s] Level 1:colcon.colcon_core.package_identification:_identify(src) by extension 'python'
[0.143s] Level 1:colcon.colcon_core.package_identification:_identify(src) by extensions ['python_setup_py']
[0.143s] Level 1:colcon.colcon_core.package_identification:_identify(src) by extension 'python_setup_py'
[0.143s] Level 1:colcon.colcon_core.package_identification:_identify(src/robot_controller) by extensions ['ignore', 'ignore_ament_install']
[0.143s] Level 1:colcon.colcon_core.package_identification:_identify(src/robot_controller) by extension 'ignore'
[0.143s] Level 1:colcon.colcon_core.package_identification:_identify(src/robot_controller) by extension 'ignore_ament_install'
[0.143s] Level 1:colcon.colcon_core.package_identification:_identify(src/robot_controller) by extensions ['colcon_pkg']
[0.143s] Level 1:colcon.colcon_core.package_identification:_identify(src/robot_controller) by extension 'colcon_pkg'
[0.143s] Level 1:colcon.colcon_core.package_identification:_identify(src/robot_controller) by extensions ['colcon_meta']
[0.143s] Level 1:colcon.colcon_core.package_identification:_identify(src/robot_controller) by extension 'colcon_meta'
[0.143s] Level 1:colcon.colcon_core.package_identification:_identify(src/robot_controller) by extensions ['ros']
[0.143s] Level 1:colcon.colcon_core.package_identification:_identify(src/robot_controller) by extension 'ros'
[0.145s] DEBUG:colcon.colcon_core.package_identification:Package 'src/robot_controller' with type 'ros.ament_cmake' and name 'robot_controller'
[0.145s] Level 1:colcon.colcon_core.package_identification:_identify(src/robot_model) by extensions ['ignore', 'ignore_ament_install']
[0.145s] Level 1:colcon.colcon_core.package_identification:_identify(src/robot_model) by extension 'ignore'
[0.145s] Level 1:colcon.colcon_core.package_identification:_identify(src/robot_model) by extension 'ignore_ament_install'
[0.145s] Level 1:colcon.colcon_core.package_identification:_identify(src/robot_model) by extensions ['colcon_pkg']
[0.145s] Level 1:colcon.colcon_core.package_identification:_identify(src/robot_model) by extension 'colcon_pkg'
[0.145s] Level 1:colcon.colcon_core.package_identification:_identify(src/robot_model) by extensions ['colcon_meta']
[0.145s] Level 1:colcon.colcon_core.package_identification:_identify(src/robot_model) by extension 'colcon_meta'
[0.145s] Level 1:colcon.colcon_core.package_identification:_identify(src/robot_model) by extensions ['ros']
[0.145s] Level 1:colcon.colcon_core.package_identification:_identify(src/robot_model) by extension 'ros'
[0.146s] DEBUG:colcon.colcon_core.package_identification:Package 'src/robot_model' with type 'ros.ament_cmake' and name 'robot_model'
[0.146s] Level 1:colcon.colcon_core.package_discovery:discover_packages(recursive) using defaults
[0.146s] Level 1:colcon.colcon_core.package_discovery:discover_packages(ignore) discover
[0.146s] Level 1:colcon.colcon_core.package_discovery:discover_packages(ignore) using defaults
[0.146s] Level 1:colcon.colcon_core.package_discovery:discover_packages(path) discover
[0.146s] Level 1:colcon.colcon_core.package_discovery:discover_packages(path) using defaults
[0.160s] Level 1:colcon.colcon_core.package_discovery:discover_packages(prefix_path) check parameters
[0.160s] Level 1:colcon.colcon_core.package_discovery:discover_packages(prefix_path) discover
[0.162s] DEBUG:colcon.colcon_installed_package_information.package_discovery:Found 2 installed packages in /home/astrox/robot_model/install
[0.163s] DEBUG:colcon.colcon_installed_package_information.package_discovery:Found 14 installed packages in /home/astrox/robocon_ws/install
[0.164s] DEBUG:colcon.colcon_installed_package_information.package_discovery:Found 361 installed packages in /opt/ros/jazzy
[0.165s] Level 1:colcon.colcon_core.package_discovery:discover_packages(prefix_path) using defaults
[0.210s] Level 5:colcon.colcon_core.verb:set package 'robot_controller' build argument 'cmake_args' from command line to 'None'
[0.210s] Level 5:colcon.colcon_core.verb:set package 'robot_controller' build argument 'cmake_target' from command line to 'None'
[0.210s] Level 5:colcon.colcon_core.verb:set package 'robot_controller' build argument 'cmake_target_skip_unavailable' from command line to 'False'
[0.210s] Level 5:colcon.colcon_core.verb:set package 'robot_controller' build argument 'cmake_clean_cache' from command line to 'False'
[0.210s] Level 5:colcon.colcon_core.verb:set package 'robot_controller' build argument 'cmake_clean_first' from command line to 'False'
[0.210s] Level 5:colcon.colcon_core.verb:set package 'robot_controller' build argument 'cmake_force_configure' from command line to 'False'
[0.210s] Level 5:colcon.colcon_core.verb:set package 'robot_controller' build argument 'ament_cmake_args' from command line to 'None'
[0.210s] Level 5:colcon.colcon_core.verb:set package 'robot_controller' build argument 'catkin_cmake_args' from command line to 'None'
[0.210s] Level 5:colcon.colcon_core.verb:set package 'robot_controller' build argument 'catkin_skip_building_tests' from command line to 'False'
[0.210s] DEBUG:colcon.colcon_core.verb:Building package 'robot_controller' with the following arguments: {'ament_cmake_args': None, 'build_base': '/home/astrox/robot_model/build/robot_controller', 'catkin_cmake_args': None, 'catkin_skip_building_tests': False, 'cmake_args': None, 'cmake_clean_cache': False, 'cmake_clean_first': False, 'cmake_force_configure': False, 'cmake_target': None, 'cmake_target_skip_unavailable': False, 'install_base': '/home/astrox/robot_model/install/robot_controller', 'merge_install': False, 'path': '/home/astrox/robot_model/src/robot_controller', 'symlink_install': False, 'test_result_base': None}
[0.210s] Level 5:colcon.colcon_core.verb:set package 'robot_model' build argument 'cmake_args' from command line to 'None'
[0.210s] Level 5:colcon.colcon_core.verb:set package 'robot_model' build argument 'cmake_target' from command line to 'None'
[0.210s] Level 5:colcon.colcon_core.verb:set package 'robot_model' build argument 'cmake_target_skip_unavailable' from command line to 'False'
[0.210s] Level 5:colcon.colcon_core.verb:set package 'robot_model' build argument 'cmake_clean_cache' from command line to 'False'
[0.210s] Level 5:colcon.colcon_core.verb:set package 'robot_model' build argument 'cmake_clean_first' from command line to 'False'
[0.210s] Level 5:colcon.colcon_core.verb:set package 'robot_model' build argument 'cmake_force_configure' from command line to 'False'
[0.210s] Level 5:colcon.colcon_core.verb:set package 'robot_model' build argument 'ament_cmake_args' from command line to 'None'
[0.210s] Level 5:colcon.colcon_core.verb:set package 'robot_model' build argument 'catkin_cmake_args' from command line to 'None'
[0.210s] Level 5:colcon.colcon_core.verb:set package 'robot_model' build argument 'catkin_skip_building_tests' from command line to 'False'
[0.210s] DEBUG:colcon.colcon_core.verb:Building package 'robot_model' with the following arguments: {'ament_cmake_args': None, 'build_base': '/home/astrox/robot_model/build/robot_model', 'catkin_cmake_args': None, 'catkin_skip_building_tests': False, 'cmake_args': None, 'cmake_clean_cache': False, 'cmake_clean_first': False, 'cmake_force_configure': False, 'cmake_target': None, 'cmake_target_skip_unavailable': False, 'install_base': '/home/astrox/robot_model/install/robot_model', 'merge_install': False, 'path': '/home/astrox/robot_model/src/robot_model', 'symlink_install': False, 'test_result_base': None}
[0.210s] INFO:colcon.colcon_core.executor:Executing jobs using 'parallel' executor
[0.211s] DEBUG:colcon.colcon_parallel_executor.executor.parallel:run_until_complete
[0.211s] INFO:colcon.colcon_ros.task.ament_cmake.build:Building ROS package in '/home/astrox/robot_model/src/robot_controller' with build type 'ament_cmake'
[0.211s] INFO:colcon.colcon_cmake.task.cmake.build:Building CMake package in '/home/astrox/robot_model/src/robot_controller'
[0.213s] INFO:colcon.colcon_core.plugin_system:Skipping extension 'colcon_core.shell.bat': Not used on non-Windows systems
[0.213s] INFO:colcon.colcon_core.shell:Skip shell extension 'powershell' for command environment: Not usable outside of PowerShell
[0.213s] DEBUG:colcon.colcon_core.shell:Skip shell extension 'dsv' for command environment
[0.218s] INFO:colcon.colcon_ros.task.ament_cmake.build:Building ROS package in '/home/astrox/robot_model/src/robot_model' with build type 'ament_cmake'
[0.219s] INFO:colcon.colcon_cmake.task.cmake.build:Building CMake package in '/home/astrox/robot_model/src/robot_model'
[0.219s] INFO:colcon.colcon_core.shell:Skip shell extension 'powershell' for command environment: Not usable outside of PowerShell
[0.219s] DEBUG:colcon.colcon_core.shell:Skip shell extension 'dsv' for command environment
[0.226s] DEBUG:colcon.colcon_core.event_handler.log_command:Invoking command in '/home/astrox/robot_model/build/robot_controller': CMAKE_PREFIX_PATH=${CMAKE_PREFIX_PATH}:/opt/ros/jazzy DEBUGINFOD_URLS=https://debuginfod.ubuntu.com /usr/bin/cmake --build /home/astrox/robot_model/build/robot_controller -- -j12 -l12
[0.229s] DEBUG:colcon.colcon_core.event_handler.log_command:Invoking command in '/home/astrox/robot_model/build/robot_model': CMAKE_PREFIX_PATH=${CMAKE_PREFIX_PATH}:/opt/ros/jazzy DEBUGINFOD_URLS=https://debuginfod.ubuntu.com /usr/bin/cmake --build /home/astrox/robot_model/build/robot_model -- -j12 -l12
[0.258s] DEBUG:colcon.colcon_core.event_handler.log_command:Invoked command in '/home/astrox/robot_model/build/robot_model' returned '0': CMAKE_PREFIX_PATH=${CMAKE_PREFIX_PATH}:/opt/ros/jazzy DEBUGINFOD_URLS=https://debuginfod.ubuntu.com /usr/bin/cmake --build /home/astrox/robot_model/build/robot_model -- -j12 -l12
[0.281s] DEBUG:colcon.colcon_core.event_handler.log_command:Invoking command in '/home/astrox/robot_model/build/robot_model': CMAKE_PREFIX_PATH=${CMAKE_PREFIX_PATH}:/opt/ros/jazzy DEBUGINFOD_URLS=https://debuginfod.ubuntu.com /usr/bin/cmake --install /home/astrox/robot_model/build/robot_model
[0.289s] Level 1:colcon.colcon_core.environment:create_environment_scripts_only(robot_model)
[0.289s] DEBUG:colcon.colcon_core.event_handler.log_command:Invoked command in '/home/astrox/robot_model/build/robot_model' returned '0': CMAKE_PREFIX_PATH=${CMAKE_PREFIX_PATH}:/opt/ros/jazzy DEBUGINFOD_URLS=https://debuginfod.ubuntu.com /usr/bin/cmake --install /home/astrox/robot_model/build/robot_model
[0.291s] Level 1:colcon.colcon_core.environment:checking '/home/astrox/robot_model/install/robot_model' for CMake module files
[0.291s] Level 1:colcon.colcon_core.environment:checking '/home/astrox/robot_model/install/robot_model' for CMake config files
[0.291s] Level 1:colcon.colcon_core.shell:create_environment_hook('robot_model', 'cmake_prefix_path')
[0.291s] INFO:colcon.colcon_core.shell:Creating environment hook '/home/astrox/robot_model/install/robot_model/share/robot_model/hook/cmake_prefix_path.ps1'
[0.292s] INFO:colcon.colcon_core.shell:Creating environment descriptor '/home/astrox/robot_model/install/robot_model/share/robot_model/hook/cmake_prefix_path.dsv'
[0.292s] INFO:colcon.colcon_core.shell:Creating environment hook '/home/astrox/robot_model/install/robot_model/share/robot_model/hook/cmake_prefix_path.sh'
[0.293s] Level 1:colcon.colcon_core.environment:checking '/home/astrox/robot_model/install/robot_model/bin'
[0.293s] Level 1:colcon.colcon_core.environment:checking '/home/astrox/robot_model/install/robot_model/lib/pkgconfig/robot_model.pc'
[0.293s] Level 1:colcon.colcon_core.environment:checking '/home/astrox/robot_model/install/robot_model/lib/python3.12/site-packages'
[0.293s] Level 1:colcon.colcon_core.environment:checking '/home/astrox/robot_model/install/robot_model/bin'
[0.293s] INFO:colcon.colcon_core.shell:Creating package script '/home/astrox/robot_model/install/robot_model/share/robot_model/package.ps1'
[0.294s] INFO:colcon.colcon_core.shell:Creating package descriptor '/home/astrox/robot_model/install/robot_model/share/robot_model/package.dsv'
[0.294s] INFO:colcon.colcon_core.shell:Creating package script '/home/astrox/robot_model/install/robot_model/share/robot_model/package.sh'
[0.295s] INFO:colcon.colcon_core.shell:Creating package script '/home/astrox/robot_model/install/robot_model/share/robot_model/package.bash'
[0.295s] INFO:colcon.colcon_core.shell:Creating package script '/home/astrox/robot_model/install/robot_model/share/robot_model/package.zsh'
[0.296s] Level 1:colcon.colcon_core.environment:create_file_with_runtime_dependencies(/home/astrox/robot_model/install/robot_model/share/colcon-core/packages/robot_model)
[0.312s] Level 1:colcon.colcon_core.environment:create_environment_scripts_only(robot_model)
[0.312s] Level 1:colcon.colcon_core.environment:checking '/home/astrox/robot_model/install/robot_model' for CMake module files
[0.313s] Level 1:colcon.colcon_core.environment:checking '/home/astrox/robot_model/install/robot_model' for CMake config files
[0.313s] Level 1:colcon.colcon_core.shell:create_environment_hook('robot_model', 'cmake_prefix_path')
[0.313s] INFO:colcon.colcon_core.shell:Creating environment hook '/home/astrox/robot_model/install/robot_model/share/robot_model/hook/cmake_prefix_path.ps1'
[0.314s] INFO:colcon.colcon_core.shell:Creating environment descriptor '/home/astrox/robot_model/install/robot_model/share/robot_model/hook/cmake_prefix_path.dsv'
[0.314s] INFO:colcon.colcon_core.shell:Creating environment hook '/home/astrox/robot_model/install/robot_model/share/robot_model/hook/cmake_prefix_path.sh'
[0.315s] Level 1:colcon.colcon_core.environment:checking '/home/astrox/robot_model/install/robot_model/bin'
[0.315s] Level 1:colcon.colcon_core.environment:checking '/home/astrox/robot_model/install/robot_model/lib/pkgconfig/robot_model.pc'
[0.315s] Level 1:colcon.colcon_core.environment:checking '/home/astrox/robot_model/install/robot_model/lib/python3.12/site-packages'
[0.316s] Level 1:colcon.colcon_core.environment:checking '/home/astrox/robot_model/install/robot_model/bin'
[0.316s] INFO:colcon.colcon_core.shell:Creating package script '/home/astrox/robot_model/install/robot_model/share/robot_model/package.ps1'
[0.316s] INFO:colcon.colcon_core.shell:Creating package descriptor '/home/astrox/robot_model/install/robot_model/share/robot_model/package.dsv'
[0.317s] INFO:colcon.colcon_core.shell:Creating package script '/home/astrox/robot_model/install/robot_model/share/robot_model/package.sh'
[0.317s] INFO:colcon.colcon_core.shell:Creating package script '/home/astrox/robot_model/install/robot_model/share/robot_model/package.bash'
[0.318s] INFO:colcon.colcon_core.shell:Creating package script '/home/astrox/robot_model/install/robot_model/share/robot_model/package.zsh'
[0.318s] Level 1:colcon.colcon_core.environment:create_file_with_runtime_dependencies(/home/astrox/robot_model/install/robot_model/share/colcon-core/packages/robot_model)
[7.766s] DEBUG:colcon.colcon_core.event_handler.log_command:Invoked command in '/home/astrox/robot_model/build/robot_controller' returned '0': CMAKE_PREFIX_PATH=${CMAKE_PREFIX_PATH}:/opt/ros/jazzy DEBUGINFOD_URLS=https://debuginfod.ubuntu.com /usr/bin/cmake --build /home/astrox/robot_model/build/robot_controller -- -j12 -l12
[7.786s] DEBUG:colcon.colcon_core.event_handler.log_command:Invoking command in '/home/astrox/robot_model/build/robot_controller': CMAKE_PREFIX_PATH=${CMAKE_PREFIX_PATH}:/opt/ros/jazzy DEBUGINFOD_URLS=https://debuginfod.ubuntu.com /usr/bin/cmake --install /home/astrox/robot_model/build/robot_controller
[7.797s] Level 1:colcon.colcon_core.environment:create_environment_scripts_only(robot_controller)
[7.797s] Level 1:colcon.colcon_core.environment:checking '/home/astrox/robot_model/install/robot_controller' for CMake module files
[7.798s] DEBUG:colcon.colcon_core.event_handler.log_command:Invoked command in '/home/astrox/robot_model/build/robot_controller' returned '0': CMAKE_PREFIX_PATH=${CMAKE_PREFIX_PATH}:/opt/ros/jazzy DEBUGINFOD_URLS=https://debuginfod.ubuntu.com /usr/bin/cmake --install /home/astrox/robot_model/build/robot_controller
[7.798s] Level 1:colcon.colcon_core.environment:checking '/home/astrox/robot_model/install/robot_controller' for CMake config files
[7.798s] Level 1:colcon.colcon_core.shell:create_environment_hook('robot_controller', 'cmake_prefix_path')
[7.798s] INFO:colcon.colcon_core.shell:Creating environment hook '/home/astrox/robot_model/install/robot_controller/share/robot_controller/hook/cmake_prefix_path.ps1'
[7.799s] INFO:colcon.colcon_core.shell:Creating environment descriptor '/home/astrox/robot_model/install/robot_controller/share/robot_controller/hook/cmake_prefix_path.dsv'
[7.799s] INFO:colcon.colcon_core.shell:Creating environment hook '/home/astrox/robot_model/install/robot_controller/share/robot_controller/hook/cmake_prefix_path.sh'
[7.799s] Level 1:colcon.colcon_core.environment:checking '/home/astrox/robot_model/install/robot_controller/lib'
[7.800s] Level 1:colcon.colcon_core.environment:checking '/home/astrox/robot_model/install/robot_controller/bin'
[7.800s] Level 1:colcon.colcon_core.environment:checking '/home/astrox/robot_model/install/robot_controller/lib/pkgconfig/robot_controller.pc'
[7.800s] Level 1:colcon.colcon_core.environment:checking '/home/astrox/robot_model/install/robot_controller/lib/python3.12/site-packages'
[7.800s] Level 1:colcon.colcon_core.environment:checking '/home/astrox/robot_model/install/robot_controller/bin'
[7.800s] INFO:colcon.colcon_core.shell:Creating package script '/home/astrox/robot_model/install/robot_controller/share/robot_controller/package.ps1'
[7.800s] INFO:colcon.colcon_core.shell:Creating package descriptor '/home/astrox/robot_model/install/robot_controller/share/robot_controller/package.dsv'
[7.801s] INFO:colcon.colcon_core.shell:Creating package script '/home/astrox/robot_model/install/robot_controller/share/robot_controller/package.sh'
[7.801s] INFO:colcon.colcon_core.shell:Creating package script '/home/astrox/robot_model/install/robot_controller/share/robot_controller/package.bash'
[7.801s] INFO:colcon.colcon_core.shell:Creating package script '/home/astrox/robot_model/install/robot_controller/share/robot_controller/package.zsh'
[7.802s] Level 1:colcon.colcon_core.environment:create_file_with_runtime_dependencies(/home/astrox/robot_model/install/robot_controller/share/colcon-core/packages/robot_controller)
[7.820s] Level 1:colcon.colcon_core.environment:create_environment_scripts_only(robot_controller)
[7.820s] Level 1:colcon.colcon_core.environment:checking '/home/astrox/robot_model/install/robot_controller' for CMake module files
[7.820s] Level 1:colcon.colcon_core.environment:checking '/home/astrox/robot_model/install/robot_controller' for CMake config files
[7.820s] Level 1:colcon.colcon_core.shell:create_environment_hook('robot_controller', 'cmake_prefix_path')
[7.820s] INFO:colcon.colcon_core.shell:Creating environment hook '/home/astrox/robot_model/install/robot_controller/share/robot_controller/hook/cmake_prefix_path.ps1'
[7.821s] INFO:colcon.colcon_core.shell:Creating environment descriptor '/home/astrox/robot_model/install/robot_controller/share/robot_controller/hook/cmake_prefix_path.dsv'
[7.821s] INFO:colcon.colcon_core.shell:Creating environment hook '/home/astrox/robot_model/install/robot_controller/share/robot_controller/hook/cmake_prefix_path.sh'
[7.822s] Level 1:colcon.colcon_core.environment:checking '/home/astrox/robot_model/install/robot_controller/lib'
[7.822s] Level 1:colcon.colcon_core.environment:checking '/home/astrox/robot_model/install/robot_controller/bin'
[7.822s] Level 1:colcon.colcon_core.environment:checking '/home/astrox/robot_model/install/robot_controller/lib/pkgconfig/robot_controller.pc'
[7.822s] Level 1:colcon.colcon_core.environment:checking '/home/astrox/robot_model/install/robot_controller/lib/python3.12/site-packages'
[7.822s] Level 1:colcon.colcon_core.environment:checking '/home/astrox/robot_model/install/robot_controller/bin'
[7.822s] INFO:colcon.colcon_core.shell:Creating package script '/home/astrox/robot_model/install/robot_controller/share/robot_controller/package.ps1'
[7.823s] INFO:colcon.colcon_core.shell:Creating package descriptor '/home/astrox/robot_model/install/robot_controller/share/robot_controller/package.dsv'
[7.823s] INFO:colcon.colcon_core.shell:Creating package script '/home/astrox/robot_model/install/robot_controller/share/robot_controller/package.sh'
[7.823s] INFO:colcon.colcon_core.shell:Creating package script '/home/astrox/robot_model/install/robot_controller/share/robot_controller/package.bash'
[7.824s] INFO:colcon.colcon_core.shell:Creating package script '/home/astrox/robot_model/install/robot_controller/share/robot_controller/package.zsh'
[7.824s] Level 1:colcon.colcon_core.environment:create_file_with_runtime_dependencies(/home/astrox/robot_model/install/robot_controller/share/colcon-core/packages/robot_controller)
[7.824s] DEBUG:colcon.colcon_parallel_executor.executor.parallel:closing loop
[7.825s] DEBUG:colcon.colcon_parallel_executor.executor.parallel:loop closed
[7.825s] DEBUG:colcon.colcon_parallel_executor.executor.parallel:run_until_complete finished with '0'
[7.825s] DEBUG:colcon.colcon_core.event_reactor:joining thread
[7.830s] INFO:colcon.colcon_core.plugin_system:Skipping extension 'colcon_notification.desktop_notification.terminal_notifier': Not used on non-Darwin systems
[7.830s] INFO:colcon.colcon_core.plugin_system:Skipping extension 'colcon_notification.desktop_notification.win32': Not used on non-Windows systems
[7.830s] INFO:colcon.colcon_notification.desktop_notification:Sending desktop notification using 'notify2'
[7.840s] DEBUG:colcon.colcon_core.event_reactor:joined thread
[7.840s] INFO:colcon.colcon_core.shell:Creating prefix script '/home/astrox/robot_model/install/local_setup.ps1'
[7.841s] INFO:colcon.colcon_core.shell:Creating prefix util module '/home/astrox/robot_model/install/_local_setup_util_ps1.py'
[7.842s] INFO:colcon.colcon_core.shell:Creating prefix chain script '/home/astrox/robot_model/install/setup.ps1'
[7.843s] INFO:colcon.colcon_core.shell:Creating prefix script '/home/astrox/robot_model/install/local_setup.sh'
[7.844s] INFO:colcon.colcon_core.shell:Creating prefix util module '/home/astrox/robot_model/install/_local_setup_util_sh.py'
[7.844s] INFO:colcon.colcon_core.shell:Creating prefix chain script '/home/astrox/robot_model/install/setup.sh'
[7.846s] INFO:colcon.colcon_core.shell:Creating prefix script '/home/astrox/robot_model/install/local_setup.bash'
[7.846s] INFO:colcon.colcon_core.shell:Creating prefix chain script '/home/astrox/robot_model/install/setup.bash'
[7.847s] INFO:colcon.colcon_core.shell:Creating prefix script '/home/astrox/robot_model/install/local_setup.zsh'
[7.848s] INFO:colcon.colcon_core.shell:Creating prefix chain script '/home/astrox/robot_model/install/setup.zsh'
