[0.012s] Invoking command in '/home/astrox/robot_model/build/robot_controller': CMAKE_PREFIX_PATH=${CMAKE_PREFIX_PATH}:/opt/ros/jazzy DEBUGINFOD_URLS=https://debuginfod.ubuntu.com /usr/bin/cmake --build /home/astrox/robot_model/build/robot_controller -- -j12 -l12
[0.058s] [ 50%] [32mBuilding CXX object CMakeFiles/ps2_controller.dir/src/read_controller.cpp.o[0m
[8.172s] [100%] [32m[1mLinking CXX executable ps2_controller[0m
[8.415s] [100%] Built target ps2_controller
[8.425s] Invoked command in '/home/astrox/robot_model/build/robot_controller' returned '0': CMAKE_PREFIX_PATH=${CMAKE_PREFIX_PATH}:/opt/ros/jazzy DEBUGINFOD_URLS=https://debuginfod.ubuntu.com /usr/bin/cmake --build /home/astrox/robot_model/build/robot_controller -- -j12 -l12
[8.445s] Invoking command in '/home/astrox/robot_model/build/robot_controller': CMAKE_PREFIX_PATH=${CMAKE_PREFIX_PATH}:/opt/ros/jazzy DEBUGINFOD_URLS=https://debuginfod.ubuntu.com /usr/bin/cmake --install /home/astrox/robot_model/build/robot_controller
[8.452s] -- Install configuration: ""
[8.452s] -- Installing: /home/astrox/robot_model/install/robot_controller/lib/robot_controller/ps2_controller
[8.456s] -- Set non-toolchain portion of runtime path of "/home/astrox/robot_model/install/robot_controller/lib/robot_controller/ps2_controller" to ""
[8.456s] -- Up-to-date: /home/astrox/robot_model/install/robot_controller/share/ament_index/resource_index/package_run_dependencies/robot_controller
[8.456s] -- Up-to-date: /home/astrox/robot_model/install/robot_controller/share/ament_index/resource_index/parent_prefix_path/robot_controller
[8.456s] -- Up-to-date: /home/astrox/robot_model/install/robot_controller/share/robot_controller/environment/ament_prefix_path.sh
[8.456s] -- Up-to-date: /home/astrox/robot_model/install/robot_controller/share/robot_controller/environment/ament_prefix_path.dsv
[8.456s] -- Up-to-date: /home/astrox/robot_model/install/robot_controller/share/robot_controller/environment/path.sh
[8.456s] -- Up-to-date: /home/astrox/robot_model/install/robot_controller/share/robot_controller/environment/path.dsv
[8.456s] -- Up-to-date: /home/astrox/robot_model/install/robot_controller/share/robot_controller/local_setup.bash
[8.456s] -- Up-to-date: /home/astrox/robot_model/install/robot_controller/share/robot_controller/local_setup.sh
[8.456s] -- Up-to-date: /home/astrox/robot_model/install/robot_controller/share/robot_controller/local_setup.zsh
[8.457s] -- Up-to-date: /home/astrox/robot_model/install/robot_controller/share/robot_controller/local_setup.dsv
[8.457s] -- Installing: /home/astrox/robot_model/install/robot_controller/share/robot_controller/package.dsv
[8.457s] -- Up-to-date: /home/astrox/robot_model/install/robot_controller/share/ament_index/resource_index/packages/robot_controller
[8.457s] -- Up-to-date: /home/astrox/robot_model/install/robot_controller/share/robot_controller/cmake/robot_controllerConfig.cmake
[8.457s] -- Up-to-date: /home/astrox/robot_model/install/robot_controller/share/robot_controller/cmake/robot_controllerConfig-version.cmake
[8.457s] -- Up-to-date: /home/astrox/robot_model/install/robot_controller/share/robot_controller/package.xml
[8.458s] Invoked command in '/home/astrox/robot_model/build/robot_controller' returned '0': CMAKE_PREFIX_PATH=${CMAKE_PREFIX_PATH}:/opt/ros/jazzy DEBUGINFOD_URLS=https://debuginfod.ubuntu.com /usr/bin/cmake --install /home/astrox/robot_model/build/robot_controller
