[0.012s] Invoking command in '/home/astrox/robot_model/build/robot_controller': CMAKE_PREFIX_PATH=${CMAKE_PREFIX_PATH}:/opt/ros/jazzy DEBUGINFOD_URLS=https://debuginfod.ubuntu.com /usr/bin/cmake --build /home/astrox/robot_model/build/robot_controller -- -j12 -l12
[0.043s] Invoked command in '/home/astrox/robot_model/build/robot_controller' returned '0': CMAKE_PREFIX_PATH=${CMAKE_PREFIX_PATH}:/opt/ros/jazzy DEBUGINFOD_URLS=https://debuginfod.ubuntu.com /usr/bin/cmake --build /home/astrox/robot_model/build/robot_controller -- -j12 -l12
[0.066s] Invoking command in '/home/astrox/robot_model/build/robot_controller': CMAKE_PREFIX_PATH=${CMAKE_PREFIX_PATH}:/opt/ros/jazzy DEBUGINFOD_URLS=https://debuginfod.ubuntu.com /usr/bin/cmake --install /home/astrox/robot_model/build/robot_controller
[0.072s] -- Install configuration: ""
[0.072s] -- Up-to-date: /home/astrox/robot_model/install/robot_controller/share/ament_index/resource_index/package_run_dependencies/robot_controller
[0.073s] -- Up-to-date: /home/astrox/robot_model/install/robot_controller/share/ament_index/resource_index/parent_prefix_path/robot_controller
[0.073s] -- Up-to-date: /home/astrox/robot_model/install/robot_controller/share/robot_controller/environment/ament_prefix_path.sh
[0.073s] -- Up-to-date: /home/astrox/robot_model/install/robot_controller/share/robot_controller/environment/ament_prefix_path.dsv
[0.073s] -- Up-to-date: /home/astrox/robot_model/install/robot_controller/share/robot_controller/environment/path.sh
[0.073s] -- Up-to-date: /home/astrox/robot_model/install/robot_controller/share/robot_controller/environment/path.dsv
[0.073s] -- Up-to-date: /home/astrox/robot_model/install/robot_controller/share/robot_controller/local_setup.bash
[0.073s] -- Up-to-date: /home/astrox/robot_model/install/robot_controller/share/robot_controller/local_setup.sh
[0.073s] -- Up-to-date: /home/astrox/robot_model/install/robot_controller/share/robot_controller/local_setup.zsh
[0.073s] -- Up-to-date: /home/astrox/robot_model/install/robot_controller/share/robot_controller/local_setup.dsv
[0.073s] -- Up-to-date: /home/astrox/robot_model/install/robot_controller/share/robot_controller/package.dsv
[0.073s] -- Up-to-date: /home/astrox/robot_model/install/robot_controller/share/ament_index/resource_index/packages/robot_controller
[0.073s] -- Up-to-date: /home/astrox/robot_model/install/robot_controller/share/robot_controller/cmake/robot_controllerConfig.cmake
[0.073s] -- Up-to-date: /home/astrox/robot_model/install/robot_controller/share/robot_controller/cmake/robot_controllerConfig-version.cmake
[0.073s] -- Up-to-date: /home/astrox/robot_model/install/robot_controller/share/robot_controller/package.xml
[0.075s] Invoked command in '/home/astrox/robot_model/build/robot_controller' returned '0': CMAKE_PREFIX_PATH=${CMAKE_PREFIX_PATH}:/opt/ros/jazzy DEBUGINFOD_URLS=https://debuginfod.ubuntu.com /usr/bin/cmake --install /home/astrox/robot_model/build/robot_controller
