[0.088s] DEBUG:colcon:Command line arguments: ['/usr/bin/colcon', 'build']
[0.089s] DEBUG:colcon:Parsed command line arguments: Namespace(log_base=None, log_level=None, verb_name='build', build_base='build', install_base='install', merge_install=False, symlink_install=False, test_result_base=None, continue_on_error=False, executor='parallel', parallel_workers=12, event_handlers=None, ignore_user_meta=False, metas=['./colcon.meta'], base_paths=['.'], packages_ignore=None, packages_ignore_regex=None, paths=None, packages_up_to=None, packages_up_to_regex=None, packages_above=None, packages_above_and_dependencies=None, packages_above_depth=None, packages_select_by_dep=None, packages_skip_by_dep=None, packages_skip_up_to=None, packages_select_build_failed=False, packages_skip_build_finished=False, packages_select_test_failures=False, packages_skip_test_passed=False, packages_select=None, packages_skip=None, packages_select_regex=None, packages_skip_regex=None, packages_start=None, packages_end=None, allow_overriding=[], cmake_args=None, cmake_target=None, cmake_target_skip_unavailable=False, cmake_clean_cache=False, cmake_clean_first=False, cmake_force_configure=False, ament_cmake_args=None, catkin_cmake_args=None, catkin_skip_building_tests=False, mixin_files=None, mixin=None, verb_parser=<colcon_mixin.mixin.mixin_argument.MixinArgumentDecorator object at 0x762357a732f0>, verb_extension=<colcon_core.verb.build.BuildVerb object at 0x762357b998b0>, main=<bound method BuildVerb.main of <colcon_core.verb.build.BuildVerb object at 0x762357b998b0>>, mixin_verb=('build',))
[0.119s] Level 1:colcon.colcon_core.package_discovery:discover_packages(colcon_meta) check parameters
[0.119s] Level 1:colcon.colcon_core.package_discovery:discover_packages(recursive) check parameters
[0.119s] Level 1:colcon.colcon_core.package_discovery:discover_packages(ignore) check parameters
[0.119s] Level 1:colcon.colcon_core.package_discovery:discover_packages(path) check parameters
[0.119s] Level 1:colcon.colcon_core.package_discovery:discover_packages(colcon_meta) discover
[0.119s] Level 1:colcon.colcon_core.package_discovery:discover_packages(recursive) discover
[0.119s] INFO:colcon.colcon_core.package_discovery:Crawling recursively for packages in '/home/astrox/robot_model'
[0.119s] Level 1:colcon.colcon_core.package_identification:_identify(.) by extensions ['ignore', 'ignore_ament_install']
[0.119s] Level 1:colcon.colcon_core.package_identification:_identify(.) by extension 'ignore'
[0.119s] Level 1:colcon.colcon_core.package_identification:_identify(.) by extension 'ignore_ament_install'
[0.119s] Level 1:colcon.colcon_core.package_identification:_identify(.) by extensions ['colcon_pkg']
[0.119s] Level 1:colcon.colcon_core.package_identification:_identify(.) by extension 'colcon_pkg'
[0.119s] Level 1:colcon.colcon_core.package_identification:_identify(.) by extensions ['colcon_meta']
[0.120s] Level 1:colcon.colcon_core.package_identification:_identify(.) by extension 'colcon_meta'
[0.120s] Level 1:colcon.colcon_core.package_identification:_identify(.) by extensions ['ros']
[0.120s] Level 1:colcon.colcon_core.package_identification:_identify(.) by extension 'ros'
[0.139s] Level 1:colcon.colcon_core.package_identification:_identify(.) by extensions ['cmake', 'python']
[0.139s] Level 1:colcon.colcon_core.package_identification:_identify(.) by extension 'cmake'
[0.140s] Level 1:colcon.colcon_core.package_identification:_identify(.) by extension 'python'
[0.140s] Level 1:colcon.colcon_core.package_identification:_identify(.) by extensions ['python_setup_py']
[0.140s] Level 1:colcon.colcon_core.package_identification:_identify(.) by extension 'python_setup_py'
[0.140s] Level 1:colcon.colcon_core.package_identification:_identify(build) by extensions ['ignore', 'ignore_ament_install']
[0.140s] Level 1:colcon.colcon_core.package_identification:_identify(build) by extension 'ignore'
[0.140s] Level 1:colcon.colcon_core.package_identification:_identify(build) ignored
[0.140s] Level 1:colcon.colcon_core.package_identification:_identify(install) by extensions ['ignore', 'ignore_ament_install']
[0.140s] Level 1:colcon.colcon_core.package_identification:_identify(install) by extension 'ignore'
[0.140s] Level 1:colcon.colcon_core.package_identification:_identify(install) ignored
[0.140s] Level 1:colcon.colcon_core.package_identification:_identify(log) by extensions ['ignore', 'ignore_ament_install']
[0.140s] Level 1:colcon.colcon_core.package_identification:_identify(log) by extension 'ignore'
[0.140s] Level 1:colcon.colcon_core.package_identification:_identify(log) ignored
[0.140s] Level 1:colcon.colcon_core.package_identification:_identify(src) by extensions ['ignore', 'ignore_ament_install']
[0.140s] Level 1:colcon.colcon_core.package_identification:_identify(src) by extension 'ignore'
[0.140s] Level 1:colcon.colcon_core.package_identification:_identify(src) by extension 'ignore_ament_install'
[0.140s] Level 1:colcon.colcon_core.package_identification:_identify(src) by extensions ['colcon_pkg']
[0.140s] Level 1:colcon.colcon_core.package_identification:_identify(src) by extension 'colcon_pkg'
[0.141s] Level 1:colcon.colcon_core.package_identification:_identify(src) by extensions ['colcon_meta']
[0.141s] Level 1:colcon.colcon_core.package_identification:_identify(src) by extension 'colcon_meta'
[0.141s] Level 1:colcon.colcon_core.package_identification:_identify(src) by extensions ['ros']
[0.141s] Level 1:colcon.colcon_core.package_identification:_identify(src) by extension 'ros'
[0.141s] Level 1:colcon.colcon_core.package_identification:_identify(src) by extensions ['cmake', 'python']
[0.141s] Level 1:colcon.colcon_core.package_identification:_identify(src) by extension 'cmake'
[0.141s] Level 1:colcon.colcon_core.package_identification:_identify(src) by extension 'python'
[0.141s] Level 1:colcon.colcon_core.package_identification:_identify(src) by extensions ['python_setup_py']
[0.141s] Level 1:colcon.colcon_core.package_identification:_identify(src) by extension 'python_setup_py'
[0.141s] Level 1:colcon.colcon_core.package_identification:_identify(src/robot_controller) by extensions ['ignore', 'ignore_ament_install']
[0.141s] Level 1:colcon.colcon_core.package_identification:_identify(src/robot_controller) by extension 'ignore'
[0.141s] Level 1:colcon.colcon_core.package_identification:_identify(src/robot_controller) by extension 'ignore_ament_install'
[0.141s] Level 1:colcon.colcon_core.package_identification:_identify(src/robot_controller) by extensions ['colcon_pkg']
[0.141s] Level 1:colcon.colcon_core.package_identification:_identify(src/robot_controller) by extension 'colcon_pkg'
[0.141s] Level 1:colcon.colcon_core.package_identification:_identify(src/robot_controller) by extensions ['colcon_meta']
[0.141s] Level 1:colcon.colcon_core.package_identification:_identify(src/robot_controller) by extension 'colcon_meta'
[0.141s] Level 1:colcon.colcon_core.package_identification:_identify(src/robot_controller) by extensions ['ros']
[0.141s] Level 1:colcon.colcon_core.package_identification:_identify(src/robot_controller) by extension 'ros'
[0.143s] DEBUG:colcon.colcon_core.package_identification:Package 'src/robot_controller' with type 'ros.ament_cmake' and name 'robot_controller'
[0.143s] Level 1:colcon.colcon_core.package_identification:_identify(src/robot_model) by extensions ['ignore', 'ignore_ament_install']
[0.143s] Level 1:colcon.colcon_core.package_identification:_identify(src/robot_model) by extension 'ignore'
[0.143s] Level 1:colcon.colcon_core.package_identification:_identify(src/robot_model) by extension 'ignore_ament_install'
[0.143s] Level 1:colcon.colcon_core.package_identification:_identify(src/robot_model) by extensions ['colcon_pkg']
[0.143s] Level 1:colcon.colcon_core.package_identification:_identify(src/robot_model) by extension 'colcon_pkg'
[0.143s] Level 1:colcon.colcon_core.package_identification:_identify(src/robot_model) by extensions ['colcon_meta']
[0.143s] Level 1:colcon.colcon_core.package_identification:_identify(src/robot_model) by extension 'colcon_meta'
[0.143s] Level 1:colcon.colcon_core.package_identification:_identify(src/robot_model) by extensions ['ros']
[0.143s] Level 1:colcon.colcon_core.package_identification:_identify(src/robot_model) by extension 'ros'
[0.144s] DEBUG:colcon.colcon_core.package_identification:Package 'src/robot_model' with type 'ros.ament_cmake' and name 'robot_model'
[0.144s] Level 1:colcon.colcon_core.package_discovery:discover_packages(recursive) using defaults
[0.144s] Level 1:colcon.colcon_core.package_discovery:discover_packages(ignore) discover
[0.144s] Level 1:colcon.colcon_core.package_discovery:discover_packages(ignore) using defaults
[0.144s] Level 1:colcon.colcon_core.package_discovery:discover_packages(path) discover
[0.144s] Level 1:colcon.colcon_core.package_discovery:discover_packages(path) using defaults
[0.157s] Level 1:colcon.colcon_core.package_discovery:discover_packages(prefix_path) check parameters
[0.157s] Level 1:colcon.colcon_core.package_discovery:discover_packages(prefix_path) discover
[0.159s] DEBUG:colcon.colcon_installed_package_information.package_discovery:Found 2 installed packages in /home/astrox/robot_model/install
[0.160s] DEBUG:colcon.colcon_installed_package_information.package_discovery:Found 14 installed packages in /home/astrox/robocon_ws/install
[0.161s] DEBUG:colcon.colcon_installed_package_information.package_discovery:Found 361 installed packages in /opt/ros/jazzy
[0.162s] Level 1:colcon.colcon_core.package_discovery:discover_packages(prefix_path) using defaults
[0.205s] Level 5:colcon.colcon_core.verb:set package 'robot_controller' build argument 'cmake_args' from command line to 'None'
[0.205s] Level 5:colcon.colcon_core.verb:set package 'robot_controller' build argument 'cmake_target' from command line to 'None'
[0.205s] Level 5:colcon.colcon_core.verb:set package 'robot_controller' build argument 'cmake_target_skip_unavailable' from command line to 'False'
[0.205s] Level 5:colcon.colcon_core.verb:set package 'robot_controller' build argument 'cmake_clean_cache' from command line to 'False'
[0.205s] Level 5:colcon.colcon_core.verb:set package 'robot_controller' build argument 'cmake_clean_first' from command line to 'False'
[0.205s] Level 5:colcon.colcon_core.verb:set package 'robot_controller' build argument 'cmake_force_configure' from command line to 'False'
[0.206s] Level 5:colcon.colcon_core.verb:set package 'robot_controller' build argument 'ament_cmake_args' from command line to 'None'
[0.206s] Level 5:colcon.colcon_core.verb:set package 'robot_controller' build argument 'catkin_cmake_args' from command line to 'None'
[0.206s] Level 5:colcon.colcon_core.verb:set package 'robot_controller' build argument 'catkin_skip_building_tests' from command line to 'False'
[0.206s] DEBUG:colcon.colcon_core.verb:Building package 'robot_controller' with the following arguments: {'ament_cmake_args': None, 'build_base': '/home/astrox/robot_model/build/robot_controller', 'catkin_cmake_args': None, 'catkin_skip_building_tests': False, 'cmake_args': None, 'cmake_clean_cache': False, 'cmake_clean_first': False, 'cmake_force_configure': False, 'cmake_target': None, 'cmake_target_skip_unavailable': False, 'install_base': '/home/astrox/robot_model/install/robot_controller', 'merge_install': False, 'path': '/home/astrox/robot_model/src/robot_controller', 'symlink_install': False, 'test_result_base': None}
[0.206s] Level 5:colcon.colcon_core.verb:set package 'robot_model' build argument 'cmake_args' from command line to 'None'
[0.206s] Level 5:colcon.colcon_core.verb:set package 'robot_model' build argument 'cmake_target' from command line to 'None'
[0.206s] Level 5:colcon.colcon_core.verb:set package 'robot_model' build argument 'cmake_target_skip_unavailable' from command line to 'False'
[0.206s] Level 5:colcon.colcon_core.verb:set package 'robot_model' build argument 'cmake_clean_cache' from command line to 'False'
[0.206s] Level 5:colcon.colcon_core.verb:set package 'robot_model' build argument 'cmake_clean_first' from command line to 'False'
[0.206s] Level 5:colcon.colcon_core.verb:set package 'robot_model' build argument 'cmake_force_configure' from command line to 'False'
[0.206s] Level 5:colcon.colcon_core.verb:set package 'robot_model' build argument 'ament_cmake_args' from command line to 'None'
[0.206s] Level 5:colcon.colcon_core.verb:set package 'robot_model' build argument 'catkin_cmake_args' from command line to 'None'
[0.206s] Level 5:colcon.colcon_core.verb:set package 'robot_model' build argument 'catkin_skip_building_tests' from command line to 'False'
[0.206s] DEBUG:colcon.colcon_core.verb:Building package 'robot_model' with the following arguments: {'ament_cmake_args': None, 'build_base': '/home/astrox/robot_model/build/robot_model', 'catkin_cmake_args': None, 'catkin_skip_building_tests': False, 'cmake_args': None, 'cmake_clean_cache': False, 'cmake_clean_first': False, 'cmake_force_configure': False, 'cmake_target': None, 'cmake_target_skip_unavailable': False, 'install_base': '/home/astrox/robot_model/install/robot_model', 'merge_install': False, 'path': '/home/astrox/robot_model/src/robot_model', 'symlink_install': False, 'test_result_base': None}
[0.206s] INFO:colcon.colcon_core.executor:Executing jobs using 'parallel' executor
[0.207s] DEBUG:colcon.colcon_parallel_executor.executor.parallel:run_until_complete
[0.207s] INFO:colcon.colcon_ros.task.ament_cmake.build:Building ROS package in '/home/astrox/robot_model/src/robot_controller' with build type 'ament_cmake'
[0.207s] INFO:colcon.colcon_cmake.task.cmake.build:Building CMake package in '/home/astrox/robot_model/src/robot_controller'
[0.208s] INFO:colcon.colcon_core.plugin_system:Skipping extension 'colcon_core.shell.bat': Not used on non-Windows systems
[0.209s] INFO:colcon.colcon_core.shell:Skip shell extension 'powershell' for command environment: Not usable outside of PowerShell
[0.209s] DEBUG:colcon.colcon_core.shell:Skip shell extension 'dsv' for command environment
[0.213s] INFO:colcon.colcon_ros.task.ament_cmake.build:Building ROS package in '/home/astrox/robot_model/src/robot_model' with build type 'ament_cmake'
[0.213s] INFO:colcon.colcon_cmake.task.cmake.build:Building CMake package in '/home/astrox/robot_model/src/robot_model'
[0.213s] INFO:colcon.colcon_core.shell:Skip shell extension 'powershell' for command environment: Not usable outside of PowerShell
[0.213s] DEBUG:colcon.colcon_core.shell:Skip shell extension 'dsv' for command environment
[0.221s] DEBUG:colcon.colcon_core.event_handler.log_command:Invoking command in '/home/astrox/robot_model/build/robot_controller': CMAKE_PREFIX_PATH=${CMAKE_PREFIX_PATH}:/opt/ros/jazzy DEBUGINFOD_URLS=https://debuginfod.ubuntu.com /usr/bin/cmake --build /home/astrox/robot_model/build/robot_controller -- -j12 -l12
[0.224s] DEBUG:colcon.colcon_core.event_handler.log_command:Invoking command in '/home/astrox/robot_model/build/robot_model': CMAKE_PREFIX_PATH=${CMAKE_PREFIX_PATH}:/opt/ros/jazzy DEBUGINFOD_URLS=https://debuginfod.ubuntu.com /usr/bin/cmake --build /home/astrox/robot_model/build/robot_model -- -j12 -l12
[0.279s] DEBUG:colcon.colcon_core.event_handler.log_command:Invoked command in '/home/astrox/robot_model/build/robot_controller' returned '0': CMAKE_PREFIX_PATH=${CMAKE_PREFIX_PATH}:/opt/ros/jazzy DEBUGINFOD_URLS=https://debuginfod.ubuntu.com /usr/bin/cmake --build /home/astrox/robot_model/build/robot_controller -- -j12 -l12
[0.303s] DEBUG:colcon.colcon_core.event_handler.log_command:Invoking command in '/home/astrox/robot_model/build/robot_controller': CMAKE_PREFIX_PATH=${CMAKE_PREFIX_PATH}:/opt/ros/jazzy DEBUGINFOD_URLS=https://debuginfod.ubuntu.com /usr/bin/cmake --install /home/astrox/robot_model/build/robot_controller
[0.317s] Level 1:colcon.colcon_core.environment:create_environment_scripts_only(robot_controller)
[0.317s] DEBUG:colcon.colcon_core.event_handler.log_command:Invoked command in '/home/astrox/robot_model/build/robot_controller' returned '0': CMAKE_PREFIX_PATH=${CMAKE_PREFIX_PATH}:/opt/ros/jazzy DEBUGINFOD_URLS=https://debuginfod.ubuntu.com /usr/bin/cmake --install /home/astrox/robot_model/build/robot_controller
[0.320s] Level 1:colcon.colcon_core.environment:checking '/home/astrox/robot_model/install/robot_controller' for CMake module files
[0.320s] Level 1:colcon.colcon_core.environment:checking '/home/astrox/robot_model/install/robot_controller' for CMake config files
[0.321s] Level 1:colcon.colcon_core.shell:create_environment_hook('robot_controller', 'cmake_prefix_path')
[0.321s] INFO:colcon.colcon_core.shell:Creating environment hook '/home/astrox/robot_model/install/robot_controller/share/robot_controller/hook/cmake_prefix_path.ps1'
[0.321s] INFO:colcon.colcon_core.shell:Creating environment descriptor '/home/astrox/robot_model/install/robot_controller/share/robot_controller/hook/cmake_prefix_path.dsv'
[0.322s] INFO:colcon.colcon_core.shell:Creating environment hook '/home/astrox/robot_model/install/robot_controller/share/robot_controller/hook/cmake_prefix_path.sh'
[0.323s] Level 1:colcon.colcon_core.environment:checking '/home/astrox/robot_model/install/robot_controller/lib'
[0.323s] Level 1:colcon.colcon_core.environment:checking '/home/astrox/robot_model/install/robot_controller/bin'
[0.323s] Level 1:colcon.colcon_core.environment:checking '/home/astrox/robot_model/install/robot_controller/lib/pkgconfig/robot_controller.pc'
[0.323s] Level 1:colcon.colcon_core.environment:checking '/home/astrox/robot_model/install/robot_controller/lib/python3.12/site-packages'
[0.324s] Level 1:colcon.colcon_core.environment:checking '/home/astrox/robot_model/install/robot_controller/bin'
[0.324s] INFO:colcon.colcon_core.shell:Creating package script '/home/astrox/robot_model/install/robot_controller/share/robot_controller/package.ps1'
[0.325s] INFO:colcon.colcon_core.shell:Creating package descriptor '/home/astrox/robot_model/install/robot_controller/share/robot_controller/package.dsv'
[0.326s] INFO:colcon.colcon_core.shell:Creating package script '/home/astrox/robot_model/install/robot_controller/share/robot_controller/package.sh'
[0.326s] INFO:colcon.colcon_core.shell:Creating package script '/home/astrox/robot_model/install/robot_controller/share/robot_controller/package.bash'
[0.327s] INFO:colcon.colcon_core.shell:Creating package script '/home/astrox/robot_model/install/robot_controller/share/robot_controller/package.zsh'
[0.328s] Level 1:colcon.colcon_core.environment:create_file_with_runtime_dependencies(/home/astrox/robot_model/install/robot_controller/share/colcon-core/packages/robot_controller)
[0.348s] Level 1:colcon.colcon_core.environment:create_environment_scripts_only(robot_controller)
[0.348s] Level 1:colcon.colcon_core.environment:checking '/home/astrox/robot_model/install/robot_controller' for CMake module files
[0.349s] Level 1:colcon.colcon_core.environment:checking '/home/astrox/robot_model/install/robot_controller' for CMake config files
[0.349s] Level 1:colcon.colcon_core.shell:create_environment_hook('robot_controller', 'cmake_prefix_path')
[0.349s] INFO:colcon.colcon_core.shell:Creating environment hook '/home/astrox/robot_model/install/robot_controller/share/robot_controller/hook/cmake_prefix_path.ps1'
[0.349s] INFO:colcon.colcon_core.shell:Creating environment descriptor '/home/astrox/robot_model/install/robot_controller/share/robot_controller/hook/cmake_prefix_path.dsv'
[0.350s] INFO:colcon.colcon_core.shell:Creating environment hook '/home/astrox/robot_model/install/robot_controller/share/robot_controller/hook/cmake_prefix_path.sh'
[0.350s] Level 1:colcon.colcon_core.environment:checking '/home/astrox/robot_model/install/robot_controller/lib'
[0.350s] Level 1:colcon.colcon_core.environment:checking '/home/astrox/robot_model/install/robot_controller/bin'
[0.350s] Level 1:colcon.colcon_core.environment:checking '/home/astrox/robot_model/install/robot_controller/lib/pkgconfig/robot_controller.pc'
[0.350s] Level 1:colcon.colcon_core.environment:checking '/home/astrox/robot_model/install/robot_controller/lib/python3.12/site-packages'
[0.351s] Level 1:colcon.colcon_core.environment:checking '/home/astrox/robot_model/install/robot_controller/bin'
[0.351s] INFO:colcon.colcon_core.shell:Creating package script '/home/astrox/robot_model/install/robot_controller/share/robot_controller/package.ps1'
[0.351s] INFO:colcon.colcon_core.shell:Creating package descriptor '/home/astrox/robot_model/install/robot_controller/share/robot_controller/package.dsv'
[0.351s] INFO:colcon.colcon_core.shell:Creating package script '/home/astrox/robot_model/install/robot_controller/share/robot_controller/package.sh'
[0.352s] INFO:colcon.colcon_core.shell:Creating package script '/home/astrox/robot_model/install/robot_controller/share/robot_controller/package.bash'
[0.352s] INFO:colcon.colcon_core.shell:Creating package script '/home/astrox/robot_model/install/robot_controller/share/robot_controller/package.zsh'
[0.352s] Level 1:colcon.colcon_core.environment:create_file_with_runtime_dependencies(/home/astrox/robot_model/install/robot_controller/share/colcon-core/packages/robot_controller)
[9.609s] DEBUG:colcon.colcon_core.event_handler.log_command:Invoked command in '/home/astrox/robot_model/build/robot_model' returned '0': CMAKE_PREFIX_PATH=${CMAKE_PREFIX_PATH}:/opt/ros/jazzy DEBUGINFOD_URLS=https://debuginfod.ubuntu.com /usr/bin/cmake --build /home/astrox/robot_model/build/robot_model -- -j12 -l12
[9.633s] DEBUG:colcon.colcon_core.event_handler.log_command:Invoking command in '/home/astrox/robot_model/build/robot_model': CMAKE_PREFIX_PATH=${CMAKE_PREFIX_PATH}:/opt/ros/jazzy DEBUGINFOD_URLS=https://debuginfod.ubuntu.com /usr/bin/cmake --install /home/astrox/robot_model/build/robot_model
[9.649s] Level 1:colcon.colcon_core.environment:create_environment_scripts_only(robot_model)
[9.649s] DEBUG:colcon.colcon_core.event_handler.log_command:Invoked command in '/home/astrox/robot_model/build/robot_model' returned '0': CMAKE_PREFIX_PATH=${CMAKE_PREFIX_PATH}:/opt/ros/jazzy DEBUGINFOD_URLS=https://debuginfod.ubuntu.com /usr/bin/cmake --install /home/astrox/robot_model/build/robot_model
[9.649s] Level 1:colcon.colcon_core.environment:checking '/home/astrox/robot_model/install/robot_model' for CMake module files
[9.650s] Level 1:colcon.colcon_core.environment:checking '/home/astrox/robot_model/install/robot_model' for CMake config files
[9.650s] Level 1:colcon.colcon_core.shell:create_environment_hook('robot_model', 'cmake_prefix_path')
[9.650s] INFO:colcon.colcon_core.shell:Creating environment hook '/home/astrox/robot_model/install/robot_model/share/robot_model/hook/cmake_prefix_path.ps1'
[9.651s] INFO:colcon.colcon_core.shell:Creating environment descriptor '/home/astrox/robot_model/install/robot_model/share/robot_model/hook/cmake_prefix_path.dsv'
[9.651s] INFO:colcon.colcon_core.shell:Creating environment hook '/home/astrox/robot_model/install/robot_model/share/robot_model/hook/cmake_prefix_path.sh'
[9.652s] Level 1:colcon.colcon_core.environment:checking '/home/astrox/robot_model/install/robot_model/lib'
[9.652s] Level 1:colcon.colcon_core.environment:checking '/home/astrox/robot_model/install/robot_model/bin'
[9.652s] Level 1:colcon.colcon_core.environment:checking '/home/astrox/robot_model/install/robot_model/lib/pkgconfig/robot_model.pc'
[9.652s] Level 1:colcon.colcon_core.environment:checking '/home/astrox/robot_model/install/robot_model/lib/python3.12/site-packages'
[9.652s] Level 1:colcon.colcon_core.environment:checking '/home/astrox/robot_model/install/robot_model/bin'
[9.652s] INFO:colcon.colcon_core.shell:Creating package script '/home/astrox/robot_model/install/robot_model/share/robot_model/package.ps1'
[9.653s] INFO:colcon.colcon_core.shell:Creating package descriptor '/home/astrox/robot_model/install/robot_model/share/robot_model/package.dsv'
[9.653s] INFO:colcon.colcon_core.shell:Creating package script '/home/astrox/robot_model/install/robot_model/share/robot_model/package.sh'
[9.653s] INFO:colcon.colcon_core.shell:Creating package script '/home/astrox/robot_model/install/robot_model/share/robot_model/package.bash'
[9.654s] INFO:colcon.colcon_core.shell:Creating package script '/home/astrox/robot_model/install/robot_model/share/robot_model/package.zsh'
[9.654s] Level 1:colcon.colcon_core.environment:create_file_with_runtime_dependencies(/home/astrox/robot_model/install/robot_model/share/colcon-core/packages/robot_model)
[9.675s] Level 1:colcon.colcon_core.environment:create_environment_scripts_only(robot_model)
[9.675s] Level 1:colcon.colcon_core.environment:checking '/home/astrox/robot_model/install/robot_model' for CMake module files
[9.675s] Level 1:colcon.colcon_core.environment:checking '/home/astrox/robot_model/install/robot_model' for CMake config files
[9.676s] Level 1:colcon.colcon_core.shell:create_environment_hook('robot_model', 'cmake_prefix_path')
[9.676s] INFO:colcon.colcon_core.shell:Creating environment hook '/home/astrox/robot_model/install/robot_model/share/robot_model/hook/cmake_prefix_path.ps1'
[9.676s] INFO:colcon.colcon_core.shell:Creating environment descriptor '/home/astrox/robot_model/install/robot_model/share/robot_model/hook/cmake_prefix_path.dsv'
[9.676s] INFO:colcon.colcon_core.shell:Creating environment hook '/home/astrox/robot_model/install/robot_model/share/robot_model/hook/cmake_prefix_path.sh'
[9.677s] Level 1:colcon.colcon_core.environment:checking '/home/astrox/robot_model/install/robot_model/lib'
[9.677s] Level 1:colcon.colcon_core.environment:checking '/home/astrox/robot_model/install/robot_model/bin'
[9.677s] Level 1:colcon.colcon_core.environment:checking '/home/astrox/robot_model/install/robot_model/lib/pkgconfig/robot_model.pc'
[9.677s] Level 1:colcon.colcon_core.environment:checking '/home/astrox/robot_model/install/robot_model/lib/python3.12/site-packages'
[9.677s] Level 1:colcon.colcon_core.environment:checking '/home/astrox/robot_model/install/robot_model/bin'
[9.677s] INFO:colcon.colcon_core.shell:Creating package script '/home/astrox/robot_model/install/robot_model/share/robot_model/package.ps1'
[9.678s] INFO:colcon.colcon_core.shell:Creating package descriptor '/home/astrox/robot_model/install/robot_model/share/robot_model/package.dsv'
[9.678s] INFO:colcon.colcon_core.shell:Creating package script '/home/astrox/robot_model/install/robot_model/share/robot_model/package.sh'
[9.678s] INFO:colcon.colcon_core.shell:Creating package script '/home/astrox/robot_model/install/robot_model/share/robot_model/package.bash'
[9.679s] INFO:colcon.colcon_core.shell:Creating package script '/home/astrox/robot_model/install/robot_model/share/robot_model/package.zsh'
[9.679s] Level 1:colcon.colcon_core.environment:create_file_with_runtime_dependencies(/home/astrox/robot_model/install/robot_model/share/colcon-core/packages/robot_model)
[9.679s] DEBUG:colcon.colcon_parallel_executor.executor.parallel:closing loop
[9.680s] DEBUG:colcon.colcon_parallel_executor.executor.parallel:loop closed
[9.680s] DEBUG:colcon.colcon_parallel_executor.executor.parallel:run_until_complete finished with '0'
[9.680s] DEBUG:colcon.colcon_core.event_reactor:joining thread
[9.684s] INFO:colcon.colcon_core.plugin_system:Skipping extension 'colcon_notification.desktop_notification.terminal_notifier': Not used on non-Darwin systems
[9.684s] INFO:colcon.colcon_core.plugin_system:Skipping extension 'colcon_notification.desktop_notification.win32': Not used on non-Windows systems
[9.684s] INFO:colcon.colcon_notification.desktop_notification:Sending desktop notification using 'notify2'
[9.694s] DEBUG:colcon.colcon_core.event_reactor:joined thread
[9.694s] INFO:colcon.colcon_core.shell:Creating prefix script '/home/astrox/robot_model/install/local_setup.ps1'
[9.695s] INFO:colcon.colcon_core.shell:Creating prefix util module '/home/astrox/robot_model/install/_local_setup_util_ps1.py'
[9.695s] INFO:colcon.colcon_core.shell:Creating prefix chain script '/home/astrox/robot_model/install/setup.ps1'
[9.697s] INFO:colcon.colcon_core.shell:Creating prefix script '/home/astrox/robot_model/install/local_setup.sh'
[9.697s] INFO:colcon.colcon_core.shell:Creating prefix util module '/home/astrox/robot_model/install/_local_setup_util_sh.py'
[9.697s] INFO:colcon.colcon_core.shell:Creating prefix chain script '/home/astrox/robot_model/install/setup.sh'
[9.699s] INFO:colcon.colcon_core.shell:Creating prefix script '/home/astrox/robot_model/install/local_setup.bash'
[9.699s] INFO:colcon.colcon_core.shell:Creating prefix chain script '/home/astrox/robot_model/install/setup.bash'
[9.701s] INFO:colcon.colcon_core.shell:Creating prefix script '/home/astrox/robot_model/install/local_setup.zsh'
[9.701s] INFO:colcon.colcon_core.shell:Creating prefix chain script '/home/astrox/robot_model/install/setup.zsh'
