[0.008s] Invoking command in '/home/astrox/robot_model/build/robot_model': CMAKE_PREFIX_PATH=${CMAKE_PREFIX_PATH}:/opt/ros/jazzy DEBUGINFOD_URLS=https://debuginfod.ubuntu.com /usr/bin/cmake /home/astrox/robot_model/src/robot_model -DCMAKE_INSTALL_PREFIX=/home/astrox/robot_model/install/robot_model
[0.127s] -- The C compiler identification is GNU 13.2.0
[0.329s] -- The CXX compiler identification is GNU 13.2.0
[0.348s] -- Detecting C compiler ABI info
[0.425s] -- Detecting C compiler ABI info - done
[0.433s] -- Check for working C compiler: /usr/bin/cc - skipped
[0.434s] -- Detecting C compile features
[0.434s] -- Detecting C compile features - done
[0.442s] -- Detecting CXX compiler ABI info
[0.518s] -- Detecting CXX compiler ABI info - done
[0.527s] -- Check for working CXX compiler: /usr/bin/c++ - skipped
[0.527s] -- Detecting CXX compile features
[0.527s] -- Detecting CXX compile features - done
[0.536s] -- Found ament_cmake: 2.5.2 (/opt/ros/jazzy/share/ament_cmake/cmake)
[0.669s] -- Found Python3: /usr/bin/python3 (found version "3.12.3") found components: Interpreter 
[0.795s] -- Found ament_lint_auto: 0.17.1 (/opt/ros/jazzy/share/ament_lint_auto/cmake)
[0.900s] -- Added test 'lint_cmake' to check CMake code style
[0.901s] -- Added test 'xmllint' to check XML markup files
[0.903s] -- Configuring done (0.9s)
[0.906s] -- Generating done (0.0s)
[0.906s] -- Build files have been written to: /home/astrox/robot_model/build/robot_model
[0.910s] Invoked command in '/home/astrox/robot_model/build/robot_model' returned '0': CMAKE_PREFIX_PATH=${CMAKE_PREFIX_PATH}:/opt/ros/jazzy DEBUGINFOD_URLS=https://debuginfod.ubuntu.com /usr/bin/cmake /home/astrox/robot_model/src/robot_model -DCMAKE_INSTALL_PREFIX=/home/astrox/robot_model/install/robot_model
[0.911s] Invoking command in '/home/astrox/robot_model/build/robot_model': CMAKE_PREFIX_PATH=${CMAKE_PREFIX_PATH}:/opt/ros/jazzy DEBUGINFOD_URLS=https://debuginfod.ubuntu.com /usr/bin/cmake --build /home/astrox/robot_model/build/robot_model -- -j12 -l12
[0.941s] Invoked command in '/home/astrox/robot_model/build/robot_model' returned '0': CMAKE_PREFIX_PATH=${CMAKE_PREFIX_PATH}:/opt/ros/jazzy DEBUGINFOD_URLS=https://debuginfod.ubuntu.com /usr/bin/cmake --build /home/astrox/robot_model/build/robot_model -- -j12 -l12
[0.965s] Invoking command in '/home/astrox/robot_model/build/robot_model': CMAKE_PREFIX_PATH=${CMAKE_PREFIX_PATH}:/opt/ros/jazzy DEBUGINFOD_URLS=https://debuginfod.ubuntu.com /usr/bin/cmake --install /home/astrox/robot_model/build/robot_model
[0.971s] -- Install configuration: ""
[0.971s] -- Installing: /home/astrox/robot_model/install/robot_model/share/ament_index/resource_index/package_run_dependencies/robot_model
[0.971s] -- Installing: /home/astrox/robot_model/install/robot_model/share/ament_index/resource_index/parent_prefix_path/robot_model
[0.971s] -- Installing: /home/astrox/robot_model/install/robot_model/share/robot_model/environment/ament_prefix_path.sh
[0.972s] -- Installing: /home/astrox/robot_model/install/robot_model/share/robot_model/environment/ament_prefix_path.dsv
[0.972s] -- Installing: /home/astrox/robot_model/install/robot_model/share/robot_model/environment/path.sh
[0.972s] -- Installing: /home/astrox/robot_model/install/robot_model/share/robot_model/environment/path.dsv
[0.972s] -- Installing: /home/astrox/robot_model/install/robot_model/share/robot_model/local_setup.bash
[0.972s] -- Installing: /home/astrox/robot_model/install/robot_model/share/robot_model/local_setup.sh
[0.973s] -- Installing: /home/astrox/robot_model/install/robot_model/share/robot_model/local_setup.zsh
[0.973s] -- Installing: /home/astrox/robot_model/install/robot_model/share/robot_model/local_setup.dsv
[0.973s] -- Installing: /home/astrox/robot_model/install/robot_model/share/robot_model/package.dsv
[0.973s] -- Installing: /home/astrox/robot_model/install/robot_model/share/ament_index/resource_index/packages/robot_model
[0.973s] -- Installing: /home/astrox/robot_model/install/robot_model/share/robot_model/cmake/robot_modelConfig.cmake
[0.973s] -- Installing: /home/astrox/robot_model/install/robot_model/share/robot_model/cmake/robot_modelConfig-version.cmake
[0.974s] -- Installing: /home/astrox/robot_model/install/robot_model/share/robot_model/package.xml
[0.988s] Invoked command in '/home/astrox/robot_model/build/robot_model' returned '0': CMAKE_PREFIX_PATH=${CMAKE_PREFIX_PATH}:/opt/ros/jazzy DEBUGINFOD_URLS=https://debuginfod.ubuntu.com /usr/bin/cmake --install /home/astrox/robot_model/build/robot_model
