[100%] Built target non_holonomic
[100%] Built target holonomic
-- Install configuration: ""
-- Up-to-date: /home/astrox/robot_model/install/robot_model/lib/robot_model/holonomic
-- Up-to-date: /home/astrox/robot_model/install/robot_model/lib/robot_model/non_holonomic
-- Up-to-date: /home/astrox/robot_model/install/robot_model/share/ament_index/resource_index/package_run_dependencies/robot_model
-- Up-to-date: /home/astrox/robot_model/install/robot_model/share/ament_index/resource_index/parent_prefix_path/robot_model
-- Up-to-date: /home/astrox/robot_model/install/robot_model/share/robot_model/environment/ament_prefix_path.sh
-- Up-to-date: /home/astrox/robot_model/install/robot_model/share/robot_model/environment/ament_prefix_path.dsv
-- Up-to-date: /home/astrox/robot_model/install/robot_model/share/robot_model/environment/path.sh
-- Up-to-date: /home/astrox/robot_model/install/robot_model/share/robot_model/environment/path.dsv
-- Up-to-date: /home/astrox/robot_model/install/robot_model/share/robot_model/local_setup.bash
-- Up-to-date: /home/astrox/robot_model/install/robot_model/share/robot_model/local_setup.sh
-- Up-to-date: /home/astrox/robot_model/install/robot_model/share/robot_model/local_setup.zsh
-- Up-to-date: /home/astrox/robot_model/install/robot_model/share/robot_model/local_setup.dsv
-- Installing: /home/astrox/robot_model/install/robot_model/share/robot_model/package.dsv
-- Up-to-date: /home/astrox/robot_model/install/robot_model/share/ament_index/resource_index/packages/robot_model
-- Up-to-date: /home/astrox/robot_model/install/robot_model/share/robot_model/cmake/robot_modelConfig.cmake
-- Up-to-date: /home/astrox/robot_model/install/robot_model/share/robot_model/cmake/robot_modelConfig-version.cmake
-- Up-to-date: /home/astrox/robot_model/install/robot_model/share/robot_model/package.xml
