[0.013s] Invoking command in '/home/astrox/robot_model/build/robot_controller': CMAKE_PREFIX_PATH=${CMAKE_PREFIX_PATH}:/opt/ros/jazzy DEBUGINFOD_URLS=https://debuginfod.ubuntu.com /usr/bin/cmake /home/astrox/robot_model/src/robot_controller -DCMAKE_INSTALL_PREFIX=/home/astrox/robot_model/install/robot_controller
[0.133s] -- The C compiler identification is GNU 13.2.0
[0.335s] -- The CXX compiler identification is GNU 13.2.0
[0.354s] -- Detecting C compiler ABI info
[0.432s] -- Detecting C compiler ABI info - done
[0.440s] -- Check for working C compiler: /usr/bin/cc - skipped
[0.440s] -- Detecting C compile features
[0.440s] -- Detecting C compile features - done
[0.448s] -- Detecting CXX compiler ABI info
[0.525s] -- Detecting CXX compiler ABI info - done
[0.537s] -- Check for working CXX compiler: /usr/bin/c++ - skipped
[0.537s] -- Detecting CXX compile features
[0.538s] -- Detecting CXX compile features - done
[0.542s] -- Found ament_cmake: 2.5.2 (/opt/ros/jazzy/share/ament_cmake/cmake)
[0.676s] -- Found Python3: /usr/bin/python3 (found version "3.12.3") found components: Interpreter 
[0.801s] -- Found ament_lint_auto: 0.17.1 (/opt/ros/jazzy/share/ament_lint_auto/cmake)
[0.906s] -- Added test 'lint_cmake' to check CMake code style
[0.908s] -- Added test 'xmllint' to check XML markup files
[0.911s] -- Configuring done (0.9s)
[0.914s] -- Generating done (0.0s)
[0.915s] -- Build files have been written to: /home/astrox/robot_model/build/robot_controller
[0.920s] Invoked command in '/home/astrox/robot_model/build/robot_controller' returned '0': CMAKE_PREFIX_PATH=${CMAKE_PREFIX_PATH}:/opt/ros/jazzy DEBUGINFOD_URLS=https://debuginfod.ubuntu.com /usr/bin/cmake /home/astrox/robot_model/src/robot_controller -DCMAKE_INSTALL_PREFIX=/home/astrox/robot_model/install/robot_controller
[0.921s] Invoking command in '/home/astrox/robot_model/build/robot_controller': CMAKE_PREFIX_PATH=${CMAKE_PREFIX_PATH}:/opt/ros/jazzy DEBUGINFOD_URLS=https://debuginfod.ubuntu.com /usr/bin/cmake --build /home/astrox/robot_model/build/robot_controller -- -j12 -l12
[0.951s] Invoked command in '/home/astrox/robot_model/build/robot_controller' returned '0': CMAKE_PREFIX_PATH=${CMAKE_PREFIX_PATH}:/opt/ros/jazzy DEBUGINFOD_URLS=https://debuginfod.ubuntu.com /usr/bin/cmake --build /home/astrox/robot_model/build/robot_controller -- -j12 -l12
[0.972s] Invoking command in '/home/astrox/robot_model/build/robot_controller': CMAKE_PREFIX_PATH=${CMAKE_PREFIX_PATH}:/opt/ros/jazzy DEBUGINFOD_URLS=https://debuginfod.ubuntu.com /usr/bin/cmake --install /home/astrox/robot_model/build/robot_controller
[0.978s] -- Install configuration: ""
[0.978s] -- Installing: /home/astrox/robot_model/install/robot_controller/share/ament_index/resource_index/package_run_dependencies/robot_controller
[0.978s] -- Installing: /home/astrox/robot_model/install/robot_controller/share/ament_index/resource_index/parent_prefix_path/robot_controller
[0.979s] -- Installing: /home/astrox/robot_model/install/robot_controller/share/robot_controller/environment/ament_prefix_path.sh
[0.979s] -- Installing: /home/astrox/robot_model/install/robot_controller/share/robot_controller/environment/ament_prefix_path.dsv
[0.979s] -- Installing: /home/astrox/robot_model/install/robot_controller/share/robot_controller/environment/path.sh
[0.979s] -- Installing: /home/astrox/robot_model/install/robot_controller/share/robot_controller/environment/path.dsv
[0.980s] -- Installing: /home/astrox/robot_model/install/robot_controller/share/robot_controller/local_setup.bash
[0.980s] -- Installing: /home/astrox/robot_model/install/robot_controller/share/robot_controller/local_setup.sh
[0.980s] -- Installing: /home/astrox/robot_model/install/robot_controller/share/robot_controller/local_setup.zsh
[0.980s] -- Installing: /home/astrox/robot_model/install/robot_controller/share/robot_controller/local_setup.dsv
[0.980s] -- Installing: /home/astrox/robot_model/install/robot_controller/share/robot_controller/package.dsv
[0.980s] -- Installing: /home/astrox/robot_model/install/robot_controller/share/ament_index/resource_index/packages/robot_controller
[0.980s] -- Installing: /home/astrox/robot_model/install/robot_controller/share/robot_controller/cmake/robot_controllerConfig.cmake
[0.980s] -- Installing: /home/astrox/robot_model/install/robot_controller/share/robot_controller/cmake/robot_controllerConfig-version.cmake
[0.980s] -- Installing: /home/astrox/robot_model/install/robot_controller/share/robot_controller/package.xml
[0.981s] Invoked command in '/home/astrox/robot_model/build/robot_controller' returned '0': CMAKE_PREFIX_PATH=${CMAKE_PREFIX_PATH}:/opt/ros/jazzy DEBUGINFOD_URLS=https://debuginfod.ubuntu.com /usr/bin/cmake --install /home/astrox/robot_model/build/robot_controller
