[0.010s] Invoking command in '/home/astrox/robot_model/build/robot_model': CMAKE_PREFIX_PATH=${CMAKE_PREFIX_PATH}:/opt/ros/jazzy DEBUGINFOD_URLS=https://debuginfod.ubuntu.com /usr/bin/cmake --build /home/astrox/robot_model/build/robot_model -- -j12 -l12
[0.039s] Invoked command in '/home/astrox/robot_model/build/robot_model' returned '0': CMAKE_PREFIX_PATH=${CMAKE_PREFIX_PATH}:/opt/ros/jazzy DEBUGINFOD_URLS=https://debuginfod.ubuntu.com /usr/bin/cmake --build /home/astrox/robot_model/build/robot_model -- -j12 -l12
[0.062s] Invoking command in '/home/astrox/robot_model/build/robot_model': CMAKE_PREFIX_PATH=${CMAKE_PREFIX_PATH}:/opt/ros/jazzy DEBUGINFOD_URLS=https://debuginfod.ubuntu.com /usr/bin/cmake --install /home/astrox/robot_model/build/robot_model
[0.068s] -- Install configuration: ""
[0.068s] -- Up-to-date: /home/astrox/robot_model/install/robot_model/share/ament_index/resource_index/package_run_dependencies/robot_model
[0.068s] -- Up-to-date: /home/astrox/robot_model/install/robot_model/share/ament_index/resource_index/parent_prefix_path/robot_model
[0.069s] -- Up-to-date: /home/astrox/robot_model/install/robot_model/share/robot_model/environment/ament_prefix_path.sh
[0.069s] -- Up-to-date: /home/astrox/robot_model/install/robot_model/share/robot_model/environment/ament_prefix_path.dsv
[0.069s] -- Up-to-date: /home/astrox/robot_model/install/robot_model/share/robot_model/environment/path.sh
[0.069s] -- Up-to-date: /home/astrox/robot_model/install/robot_model/share/robot_model/environment/path.dsv
[0.069s] -- Up-to-date: /home/astrox/robot_model/install/robot_model/share/robot_model/local_setup.bash
[0.069s] -- Up-to-date: /home/astrox/robot_model/install/robot_model/share/robot_model/local_setup.sh
[0.069s] -- Up-to-date: /home/astrox/robot_model/install/robot_model/share/robot_model/local_setup.zsh
[0.069s] -- Up-to-date: /home/astrox/robot_model/install/robot_model/share/robot_model/local_setup.dsv
[0.069s] -- Up-to-date: /home/astrox/robot_model/install/robot_model/share/robot_model/package.dsv
[0.069s] -- Up-to-date: /home/astrox/robot_model/install/robot_model/share/ament_index/resource_index/packages/robot_model
[0.069s] -- Up-to-date: /home/astrox/robot_model/install/robot_model/share/robot_model/cmake/robot_modelConfig.cmake
[0.069s] -- Up-to-date: /home/astrox/robot_model/install/robot_model/share/robot_model/cmake/robot_modelConfig-version.cmake
[0.069s] -- Up-to-date: /home/astrox/robot_model/install/robot_model/share/robot_model/package.xml
[0.078s] Invoked command in '/home/astrox/robot_model/build/robot_model' returned '0': CMAKE_PREFIX_PATH=${CMAKE_PREFIX_PATH}:/opt/ros/jazzy DEBUGINFOD_URLS=https://debuginfod.ubuntu.com /usr/bin/cmake --install /home/astrox/robot_model/build/robot_model
