[ 50%] [32mBuilding CXX object CMakeFiles/holonomic.dir/src/holonomic.cpp.o[0m
[100%] [32m[1mLinking CXX executable holonomic[0m
[100%] Built target holonomic
-- Install configuration: ""
-- Installing: /home/astrox/robot_model/install/robot_model/lib/robot_model/holonomic
-- Set non-toolchain portion of runtime path of "/home/astrox/robot_model/install/robot_model/lib/robot_model/holonomic" to ""
-- Up-to-date: /home/astrox/robot_model/install/robot_model/share/ament_index/resource_index/package_run_dependencies/robot_model
-- Up-to-date: /home/astrox/robot_model/install/robot_model/share/ament_index/resource_index/parent_prefix_path/robot_model
-- Up-to-date: /home/astrox/robot_model/install/robot_model/share/robot_model/environment/ament_prefix_path.sh
-- Up-to-date: /home/astrox/robot_model/install/robot_model/share/robot_model/environment/ament_prefix_path.dsv
-- Up-to-date: /home/astrox/robot_model/install/robot_model/share/robot_model/environment/path.sh
-- Up-to-date: /home/astrox/robot_model/install/robot_model/share/robot_model/environment/path.dsv
-- Up-to-date: /home/astrox/robot_model/install/robot_model/share/robot_model/local_setup.bash
-- Up-to-date: /home/astrox/robot_model/install/robot_model/share/robot_model/local_setup.sh
-- Up-to-date: /home/astrox/robot_model/install/robot_model/share/robot_model/local_setup.zsh
-- Up-to-date: /home/astrox/robot_model/install/robot_model/share/robot_model/local_setup.dsv
-- Installing: /home/astrox/robot_model/install/robot_model/share/robot_model/package.dsv
-- Up-to-date: /home/astrox/robot_model/install/robot_model/share/ament_index/resource_index/packages/robot_model
-- Up-to-date: /home/astrox/robot_model/install/robot_model/share/robot_model/cmake/robot_modelConfig.cmake
-- Up-to-date: /home/astrox/robot_model/install/robot_model/share/robot_model/cmake/robot_modelConfig-version.cmake
-- Up-to-date: /home/astrox/robot_model/install/robot_model/share/robot_model/package.xml
