-- Found ament_cmake: 2.5.2 (/opt/ros/jazzy/share/ament_cmake/cmake)
-- Found geometry_msgs: 5.3.5 (/opt/ros/jazzy/share/geometry_msgs/cmake)
-- Found rosidl_generator_c: 4.6.4 (/opt/ros/jazzy/share/rosidl_generator_c/cmake)
-- Found rosidl_generator_cpp: 4.6.4 (/opt/ros/jazzy/share/rosidl_generator_cpp/cmake)
-- Using all available rosidl_typesupport_c: rosidl_typesupport_fastrtps_c;rosidl_typesupport_introspection_c
-- Using all available rosidl_typesupport_cpp: rosidl_typesupport_fastrtps_cpp;rosidl_typesupport_introspection_cpp
-- Found nav_msgs: 5.3.5 (/opt/ros/jazzy/share/nav_msgs/cmake)
-- Found tf2: 0.36.4 (/opt/ros/jazzy/share/tf2/cmake)
-- Found tf2_ros: 0.36.4 (/opt/ros/jazzy/share/tf2_ros/cmake)
-- Found rmw_implementation_cmake: 7.3.1 (/opt/ros/jazzy/share/rmw_implementation_cmake/cmake)
-- Found rmw_fastrtps_cpp: 8.4.1 (/opt/ros/jazzy/share/rmw_fastrtps_cpp/cmake)
-- Using RMW implementation 'rmw_fastrtps_cpp' as default
-- Found tf2_geometry_msgs: 0.36.4 (/opt/ros/jazzy/share/tf2_geometry_msgs/cmake)
-- Found eigen3_cmake_module: 0.3.0 (/opt/ros/jazzy/share/eigen3_cmake_module/cmake)
-- Ensuring Eigen3 include directory is part of orocos-kdl CMake target
-- Found ament_lint_auto: 0.17.1 (/opt/ros/jazzy/share/ament_lint_auto/cmake)
-- Added test 'cppcheck' to perform static code analysis on C / C++ code
-- Configured cppcheck include dirs: 
-- Configured cppcheck exclude dirs and/or files: 
-- Added test 'lint_cmake' to check CMake code style
-- Added test 'uncrustify' to check C / C++ code style
-- Configured uncrustify additional arguments: 
-- Added test 'xmllint' to check XML markup files
-- Configuring done (0.7s)
-- Generating done (0.0s)
-- Build files have been written to: /home/astrox/robot_model/build/robot_model
[ 25%] [32mBuilding CXX object CMakeFiles/non_holonomic.dir/src/non_holonomic.cpp.o[0m
[ 75%] Built target holonomic
[100%] [32m[1mLinking CXX executable non_holonomic[0m
[100%] Built target non_holonomic
-- Install configuration: ""
-- Up-to-date: /home/astrox/robot_model/install/robot_model/lib/robot_model/holonomic
-- Installing: /home/astrox/robot_model/install/robot_model/lib/robot_model/non_holonomic
-- Set non-toolchain portion of runtime path of "/home/astrox/robot_model/install/robot_model/lib/robot_model/non_holonomic" to ""
-- Up-to-date: /home/astrox/robot_model/install/robot_model/share/ament_index/resource_index/package_run_dependencies/robot_model
-- Up-to-date: /home/astrox/robot_model/install/robot_model/share/ament_index/resource_index/parent_prefix_path/robot_model
-- Up-to-date: /home/astrox/robot_model/install/robot_model/share/robot_model/environment/ament_prefix_path.sh
-- Up-to-date: /home/astrox/robot_model/install/robot_model/share/robot_model/environment/ament_prefix_path.dsv
-- Up-to-date: /home/astrox/robot_model/install/robot_model/share/robot_model/environment/path.sh
-- Up-to-date: /home/astrox/robot_model/install/robot_model/share/robot_model/environment/path.dsv
-- Up-to-date: /home/astrox/robot_model/install/robot_model/share/robot_model/local_setup.bash
-- Up-to-date: /home/astrox/robot_model/install/robot_model/share/robot_model/local_setup.sh
-- Up-to-date: /home/astrox/robot_model/install/robot_model/share/robot_model/local_setup.zsh
-- Up-to-date: /home/astrox/robot_model/install/robot_model/share/robot_model/local_setup.dsv
-- Installing: /home/astrox/robot_model/install/robot_model/share/robot_model/package.dsv
-- Up-to-date: /home/astrox/robot_model/install/robot_model/share/ament_index/resource_index/packages/robot_model
-- Up-to-date: /home/astrox/robot_model/install/robot_model/share/robot_model/cmake/robot_modelConfig.cmake
-- Up-to-date: /home/astrox/robot_model/install/robot_model/share/robot_model/cmake/robot_modelConfig-version.cmake
-- Up-to-date: /home/astrox/robot_model/install/robot_model/share/robot_model/package.xml
