[0.010s] Invoking command in '/home/astrox/robot_model/build/robot_model': CMAKE_PREFIX_PATH=${CMAKE_PREFIX_PATH}:/opt/ros/jazzy DEBUGINFOD_URLS=https://debuginfod.ubuntu.com /usr/bin/cmake --build /home/astrox/robot_model/build/robot_model -- -j12 -l12
[0.032s] -- Found ament_cmake: 2.5.2 (/opt/ros/jazzy/share/ament_cmake/cmake)
[0.209s] -- Found geometry_msgs: 5.3.5 (/opt/ros/jazzy/share/geometry_msgs/cmake)
[0.231s] -- Found rosidl_generator_c: 4.6.4 (/opt/ros/jazzy/share/rosidl_generator_c/cmake)
[0.239s] -- Found rosidl_generator_cpp: 4.6.4 (/opt/ros/jazzy/share/rosidl_generator_cpp/cmake)
[0.249s] -- Using all available rosidl_typesupport_c: rosidl_typesupport_fastrtps_c;rosidl_typesupport_introspection_c
[0.261s] -- Using all available rosidl_typesupport_cpp: rosidl_typesupport_fastrtps_cpp;rosidl_typesupport_introspection_cpp
[0.299s] -- Found nav_msgs: 5.3.5 (/opt/ros/jazzy/share/nav_msgs/cmake)
[0.331s] -- Found tf2: 0.36.4 (/opt/ros/jazzy/share/tf2/cmake)
[0.334s] -- Found tf2_ros: 0.36.4 (/opt/ros/jazzy/share/tf2_ros/cmake)
[0.393s] -- Found rmw_implementation_cmake: 7.3.1 (/opt/ros/jazzy/share/rmw_implementation_cmake/cmake)
[0.395s] -- Found rmw_fastrtps_cpp: 8.4.1 (/opt/ros/jazzy/share/rmw_fastrtps_cpp/cmake)
[0.449s] -- Using RMW implementation 'rmw_fastrtps_cpp' as default
[0.584s] -- Found tf2_geometry_msgs: 0.36.4 (/opt/ros/jazzy/share/tf2_geometry_msgs/cmake)
[0.587s] -- Found eigen3_cmake_module: 0.3.0 (/opt/ros/jazzy/share/eigen3_cmake_module/cmake)
[0.588s] -- Ensuring Eigen3 include directory is part of orocos-kdl CMake target
[0.596s] -- Found ament_lint_auto: 0.17.1 (/opt/ros/jazzy/share/ament_lint_auto/cmake)
[0.677s] -- Added test 'cppcheck' to perform static code analysis on C / C++ code
[0.677s] -- Configured cppcheck include dirs: 
[0.677s] -- Configured cppcheck exclude dirs and/or files: 
[0.678s] -- Added test 'lint_cmake' to check CMake code style
[0.679s] -- Added test 'uncrustify' to check C / C++ code style
[0.679s] -- Configured uncrustify additional arguments: 
[0.679s] -- Added test 'xmllint' to check XML markup files
[0.680s] -- Configuring done (0.7s)
[0.700s] -- Generating done (0.0s)
[0.703s] -- Build files have been written to: /home/astrox/robot_model/build/robot_model
[0.734s] [ 25%] [32mBuilding CXX object CMakeFiles/non_holonomic.dir/src/non_holonomic.cpp.o[0m
[0.741s] [ 75%] Built target holonomic
[9.737s] [100%] [32m[1mLinking CXX executable non_holonomic[0m
[10.002s] [100%] Built target non_holonomic
[10.011s] Invoked command in '/home/astrox/robot_model/build/robot_model' returned '0': CMAKE_PREFIX_PATH=${CMAKE_PREFIX_PATH}:/opt/ros/jazzy DEBUGINFOD_URLS=https://debuginfod.ubuntu.com /usr/bin/cmake --build /home/astrox/robot_model/build/robot_model -- -j12 -l12
[10.032s] Invoking command in '/home/astrox/robot_model/build/robot_model': CMAKE_PREFIX_PATH=${CMAKE_PREFIX_PATH}:/opt/ros/jazzy DEBUGINFOD_URLS=https://debuginfod.ubuntu.com /usr/bin/cmake --install /home/astrox/robot_model/build/robot_model
[10.038s] -- Install configuration: ""
[10.038s] -- Up-to-date: /home/astrox/robot_model/install/robot_model/lib/robot_model/holonomic
[10.038s] -- Installing: /home/astrox/robot_model/install/robot_model/lib/robot_model/non_holonomic
[10.042s] -- Set non-toolchain portion of runtime path of "/home/astrox/robot_model/install/robot_model/lib/robot_model/non_holonomic" to ""
[10.042s] -- Up-to-date: /home/astrox/robot_model/install/robot_model/share/ament_index/resource_index/package_run_dependencies/robot_model
[10.042s] -- Up-to-date: /home/astrox/robot_model/install/robot_model/share/ament_index/resource_index/parent_prefix_path/robot_model
[10.042s] -- Up-to-date: /home/astrox/robot_model/install/robot_model/share/robot_model/environment/ament_prefix_path.sh
[10.042s] -- Up-to-date: /home/astrox/robot_model/install/robot_model/share/robot_model/environment/ament_prefix_path.dsv
[10.042s] -- Up-to-date: /home/astrox/robot_model/install/robot_model/share/robot_model/environment/path.sh
[10.042s] -- Up-to-date: /home/astrox/robot_model/install/robot_model/share/robot_model/environment/path.dsv
[10.042s] -- Up-to-date: /home/astrox/robot_model/install/robot_model/share/robot_model/local_setup.bash
[10.042s] -- Up-to-date: /home/astrox/robot_model/install/robot_model/share/robot_model/local_setup.sh
[10.042s] -- Up-to-date: /home/astrox/robot_model/install/robot_model/share/robot_model/local_setup.zsh
[10.042s] -- Up-to-date: /home/astrox/robot_model/install/robot_model/share/robot_model/local_setup.dsv
[10.042s] -- Installing: /home/astrox/robot_model/install/robot_model/share/robot_model/package.dsv
[10.042s] -- Up-to-date: /home/astrox/robot_model/install/robot_model/share/ament_index/resource_index/packages/robot_model
[10.042s] -- Up-to-date: /home/astrox/robot_model/install/robot_model/share/robot_model/cmake/robot_modelConfig.cmake
[10.043s] -- Up-to-date: /home/astrox/robot_model/install/robot_model/share/robot_model/cmake/robot_modelConfig-version.cmake
[10.043s] -- Up-to-date: /home/astrox/robot_model/install/robot_model/share/robot_model/package.xml
[10.043s] Invoked command in '/home/astrox/robot_model/build/robot_model' returned '0': CMAKE_PREFIX_PATH=${CMAKE_PREFIX_PATH}:/opt/ros/jazzy DEBUGINFOD_URLS=https://debuginfod.ubuntu.com /usr/bin/cmake --install /home/astrox/robot_model/build/robot_model
